# JRE version: OpenJDK Runtime Environment Temurin-21.0.12.1+1 (21.0.12.1+1) (build 21.0.12.1+1-LTS)
# Java VM: OpenJDK 64-Bit Server VM Temurin-21.0.12.1+1 (21.0.12.1+1-LTS, mixed mode, sharing, tiered, compressed oops, compressed class ptrs, g1 gc, windows-amd64)
GC Precious Log:
 CardTable entry size: 512
 Card Set container configuration: InlinePtr #cards 4 size 8 Array Of Cards #cards 16 size 48 Howl #buckets 8 coarsen threshold 3686 Howl Bitmap #cards 512 size 80 coarsen threshold 460 Card regions per heap region 1 cards per card region 4096
 CPUs: 2 total, 2 available
 Memory: 3919M
 Large Page Support: Disabled
 NUMA Support: Disabled
 Compressed Oops: Enabled (Zero based)
 Heap Region Size: 2M
 Heap Min Capacity: 8M
 Heap Initial Capacity: 62M
 Heap Max Capacity: 4G
 Pre-touch: Disabled
 Parallel Workers: 2
 Concurrent Workers: 1
 Concurrent Refinement Workers: 2
 Periodic GC: Disabled
 String Deduplication is enabled
Heap:
 garbage-first heap   total 223232K, used 85459K [0x0000000700000000, 0x0000000800000000)
  region size 2048K, 5 young (10240K), 5 survivors (10240K)
 Metaspace       used 80439K, committed 82304K, reserved 1179648K
  class space    used 8289K, committed 9088K, reserved 1048576K
GC Heap History (20 events):
Event: 1684.445 GC heap before
{Heap before GC invocations=62 (full 0):
 garbage-first heap   total 163840K, used 100305K [0x0000000700000000, 0x0000000800000000)
  region size 2048K, 12 young (24576K), 2 survivors (4096K)
 Metaspace       used 74699K, committed 76288K, reserved 1179648K
  class space    used 7713K, committed 8384K, reserved 1048576K
}
Event: 1684.463 GC heap after
{Heap after GC invocations=63 (full 0):
 garbage-first heap   total 163840K, used 79745K [0x0000000700000000, 0x0000000800000000)
  region size 2048K, 1 young (2048K), 1 survivors (2048K)
 Metaspace       used 74699K, committed 76288K, reserved 1179648K
  class space    used 7713K, committed 8384K, reserved 1048576K
}
Event: 1692.055 GC heap before
{Heap before GC invocations=63 (full 0):
 garbage-first heap   total 163840K, used 126849K [0x0000000700000000, 0x0000000800000000)
  region size 2048K, 24 young (49152K), 1 survivors (2048K)
 Metaspace       used 75109K, committed 76736K, reserved 1179648K
  class space    used 7749K, committed 8448K, reserved 1048576K
}
Event: 1692.073 GC heap after
{Heap after GC invocations=64 (full 0):
 garbage-first heap   total 163840K, used 80426K [0x0000000700000000, 0x0000000800000000)
  region size 2048K, 2 young (4096K), 2 survivors (4096K)
 Metaspace       used 75109K, committed 76736K, reserved 1179648K
  class space    used 7749K, committed 8448K, reserved 1048576K
}
Event: 1698.151 GC heap before
{Heap before GC invocations=64 (full 0):
 garbage-first heap   total 163840K, used 143914K [0x0000000700000000, 0x0000000800000000)
  region size 2048K, 33 young (67584K), 2 survivors (4096K)
 Metaspace       used 75339K, committed 76992K, reserved 1179648K
  class space    used 7752K, committed 8448K, reserved 1048576K
}
Event: 1698.159 GC heap after
{Heap after GC invocations=65 (full 0):
 garbage-first heap   total 163840K, used 80367K [0x0000000700000000, 0x0000000800000000)
  region size 2048K, 2 young (4096K), 2 survivors (4096K)
 Metaspace       used 75339K, committed 76992K, reserved 1179648K
  class space    used 7752K, committed 8448K, reserved 1048576K
}
Event: 1709.928 GC heap before
{Heap before GC invocations=65 (full 0):
 garbage-first heap   total 163840K, used 143855K [0x0000000700000000, 0x0000000800000000)
  region size 2048K, 34 young (69632K), 2 survivors (4096K)
 Metaspace       used 76087K, committed 77760K, reserved 1179648K
  class space    used 7802K, committed 8512K, reserved 1048576K
}
Event: 1709.945 GC heap after
{Heap after GC invocations=66 (full 0):
 garbage-first heap   total 163840K, used 80980K [0x0000000700000000, 0x0000000800000000)
  region size 2048K, 2 young (4096K), 2 survivors (4096K)
 Metaspace       used 76087K, committed 77760K, reserved 1179648K
  class space    used 7802K, committed 8512K, reserved 1048576K
}
Event: 1712.576 GC heap before
{Heap before GC invocations=67 (full 0):
 garbage-first heap   total 163840K, used 146516K [0x0000000700000000, 0x0000000800000000)
  region size 2048K, 35 young (71680K), 2 survivors (4096K)
 Metaspace       used 76179K, committed 77888K, reserved 1179648K
  class space    used 7804K, committed 8512K, reserved 1048576K
}
Event: 1712.598 GC heap after
{Heap after GC invocations=68 (full 0):
 garbage-first heap   total 163840K, used 82516K [0x0000000700000000, 0x0000000800000000)
  region size 2048K, 3 young (6144K), 3 survivors (6144K)
 Metaspace       used 76179K, committed 77888K, reserved 1179648K
  class space    used 7804K, committed 8512K, reserved 1048576K
}
Event: 1713.305 GC heap before
{Heap before GC invocations=68 (full 0):
 garbage-first heap   total 163840K, used 148052K [0x0000000700000000, 0x0000000800000000)
  region size 2048K, 36 young (73728K), 3 survivors (6144K)
 Metaspace       used 76354K, committed 78016K, reserved 1179648K
  class space    used 7834K, committed 8512K, reserved 1048576K
}
Event: 1713.343 GC heap after
{Heap after GC invocations=69 (full 0):
 garbage-first heap   total 223232K, used 76500K [0x0000000700000000, 0x0000000800000000)
  region size 2048K, 3 young (6144K), 3 survivors (6144K)
 Metaspace       used 76354K, committed 78016K, reserved 1179648K
  class space    used 7834K, committed 8512K, reserved 1048576K
}
Event: 1715.632 GC heap before
{Heap before GC invocations=69 (full 0):
 garbage-first heap   total 223232K, used 201428K [0x0000000700000000, 0x0000000800000000)
  region size 2048K, 65 young (133120K), 3 survivors (6144K)
 Metaspace       used 77100K, committed 78720K, reserved 1179648K
  class space    used 7888K, committed 8576K, reserved 1048576K
}
Event: 1715.647 GC heap after
{Heap after GC invocations=70 (full 0):
 garbage-first heap   total 223232K, used 76769K [0x0000000700000000, 0x0000000800000000)
  region size 2048K, 3 young (6144K), 3 survivors (6144K)
 Metaspace       used 77100K, committed 78720K, reserved 1179648K
  class space    used 7888K, committed 8576K, reserved 1048576K
}
Event: 1724.640 GC heap before
{Heap before GC invocations=70 (full 0):
 garbage-first heap   total 223232K, used 201697K [0x0000000700000000, 0x0000000800000000)
  region size 2048K, 65 young (133120K), 3 survivors (6144K)
 Metaspace       used 80270K, committed 82112K, reserved 1179648K
  class space    used 8279K, committed 9088K, reserved 1048576K
}
Event: 1724.672 GC heap after
{Heap after GC invocations=71 (full 0):
 garbage-first heap   total 223232K, used 83549K [0x0000000700000000, 0x0000000800000000)
  region size 2048K, 6 young (12288K), 6 survivors (12288K)
 Metaspace       used 80270K, committed 82112K, reserved 1179648K
  class space    used 8279K, committed 9088K, reserved 1048576K
}
Event: 1726.375 GC heap before
{Heap before GC invocations=71 (full 0):
 garbage-first heap   total 223232K, used 101981K [0x0000000700000000, 0x0000000800000000)
  region size 2048K, 16 young (32768K), 6 survivors (12288K)
 Metaspace       used 80439K, committed 82304K, reserved 1179648K
  class space    used 8289K, committed 9088K, reserved 1048576K
}
Event: 1726.444 GC heap after
{Heap after GC invocations=72 (full 0):
 garbage-first heap   total 223232K, used 84957K [0x0000000700000000, 0x0000000800000000)
  region size 2048K, 6 young (12288K), 6 survivors (12288K)
 Metaspace       used 80439K, committed 82304K, reserved 1179648K
  class space    used 8289K, committed 9088K, reserved 1048576K
}
Event: 1731.911 GC heap before
{Heap before GC invocations=72 (full 0):
 garbage-first heap   total 223232K, used 84957K [0x0000000700000000, 0x0000000800000000)
  region size 2048K, 6 young (12288K), 6 survivors (12288K)
 Metaspace       used 80439K, committed 82304K, reserved 1179648K
  class space    used 8289K, committed 9088K, reserved 1048576K
}
Event: 1731.943 GC heap after
{Heap after GC invocations=73 (full 0):
 garbage-first heap   total 223232K, used 85459K [0x0000000700000000, 0x0000000800000000)
  region size 2048K, 5 young (10240K), 5 survivors (10240K)
 Metaspace       used 80439K, committed 82304K, reserved 1179648K
  class space    used 8289K, committed 9088K, reserved 1048576K
}

