# JRE version: OpenJDK Runtime Environment Temurin-21.0.12.1+1 (21.0.12.1+1) (build 21.0.12.1+1-LTS)
# Java VM: OpenJDK 64-Bit Server VM Temurin-21.0.12.1+1 (21.0.12.1+1-LTS, mixed mode, sharing, tiered, compressed oops, compressed class ptrs, g1 gc, windows-amd64)
GC Precious Log:
 CardTable entry size: 512
 Card Set container configuration: InlinePtr #cards 4 size 8 Array Of Cards #cards 16 size 48 Howl #buckets 8 coarsen threshold 3686 Howl Bitmap #cards 512 size 80 coarsen threshold 460 Card regions per heap region 1 cards per card region 4096
 CPUs: 2 total, 2 available
 Memory: 3919M
 Large Page Support: Disabled
 NUMA Support: Disabled
 Compressed Oops: Enabled (Zero based)
 Heap Region Size: 2M
 Heap Min Capacity: 8M
 Heap Initial Capacity: 62M
 Heap Max Capacity: 4G
 Pre-touch: Disabled
 Parallel Workers: 2
 Concurrent Workers: 1
 Concurrent Refinement Workers: 2
 Periodic GC: Disabled
 String Deduplication is enabled
Heap:
 garbage-first heap   total 274432K, used 91491K [0x0000000700000000, 0x0000000800000000)
  region size 2048K, 4 young (8192K), 4 survivors (8192K)
 Metaspace       used 85998K, committed 87680K, reserved 1179648K
  class space    used 8639K, committed 9344K, reserved 1048576K
GC Heap History (20 events):
Event: 6267.311 GC heap before
{Heap before GC invocations=111 (full 0):
 garbage-first heap   total 280576K, used 238308K [0x0000000700000000, 0x0000000800000000)
  region size 2048K, 82 young (167936K), 5 survivors (10240K)
 Metaspace       used 85270K, committed 86976K, reserved 1179648K
  class space    used 8614K, committed 9344K, reserved 1048576K
}
Event: 6267.361 GC heap after
{Heap after GC invocations=112 (full 0):
 garbage-first heap   total 280576K, used 82668K [0x0000000700000000, 0x0000000800000000)
  region size 2048K, 6 young (12288K), 6 survivors (12288K)
 Metaspace       used 85270K, committed 86976K, reserved 1179648K
  class space    used 8614K, committed 9344K, reserved 1048576K
}
Event: 6290.747 GC heap before
{Heap before GC invocations=112 (full 0):
 garbage-first heap   total 280576K, used 238316K [0x0000000700000000, 0x0000000800000000)
  region size 2048K, 82 young (167936K), 6 survivors (12288K)
 Metaspace       used 85545K, committed 87168K, reserved 1179648K
  class space    used 8629K, committed 9344K, reserved 1048576K
}
Event: 6290.888 GC heap after
{Heap after GC invocations=113 (full 0):
 garbage-first heap   total 280576K, used 80476K [0x0000000700000000, 0x0000000800000000)
  region size 2048K, 6 young (12288K), 6 survivors (12288K)
 Metaspace       used 85545K, committed 87168K, reserved 1179648K
  class space    used 8629K, committed 9344K, reserved 1048576K
}
Event: 6291.126 GC heap before
{Heap before GC invocations=113 (full 0):
 garbage-first heap   total 280576K, used 98908K [0x0000000700000000, 0x0000000800000000)
  region size 2048K, 16 young (32768K), 6 survivors (12288K)
 Metaspace       used 85549K, committed 87232K, reserved 1179648K
  class space    used 8629K, committed 9344K, reserved 1048576K
}
Event: 6291.163 GC heap after
{Heap after GC invocations=114 (full 0):
 garbage-first heap   total 280576K, used 80654K [0x0000000700000000, 0x0000000800000000)
  region size 2048K, 6 young (12288K), 6 survivors (12288K)
 Metaspace       used 85549K, committed 87232K, reserved 1179648K
  class space    used 8629K, committed 9344K, reserved 1048576K
}
Event: 6301.624 GC heap before
{Heap before GC invocations=115 (full 0):
 garbage-first heap   total 274432K, used 232206K [0x0000000700000000, 0x0000000800000000)
  region size 2048K, 80 young (163840K), 6 survivors (12288K)
 Metaspace       used 85637K, committed 87296K, reserved 1179648K
  class space    used 8629K, committed 9344K, reserved 1048576K
}
Event: 6301.657 GC heap after
{Heap after GC invocations=116 (full 0):
 garbage-first heap   total 274432K, used 79782K [0x0000000700000000, 0x0000000800000000)
  region size 2048K, 5 young (10240K), 5 survivors (10240K)
 Metaspace       used 85637K, committed 87296K, reserved 1179648K
  class space    used 8629K, committed 9344K, reserved 1048576K
}
Event: 6336.794 GC heap before
{Heap before GC invocations=116 (full 0):
 garbage-first heap   total 274432K, used 231334K [0x0000000700000000, 0x0000000800000000)
  region size 2048K, 80 young (163840K), 5 survivors (10240K)
 Metaspace       used 85729K, committed 87360K, reserved 1179648K
  class space    used 8636K, committed 9344K, reserved 1048576K
}
Event: 6336.836 GC heap after
{Heap after GC invocations=117 (full 0):
 garbage-first heap   total 274432K, used 77641K [0x0000000700000000, 0x0000000800000000)
  region size 2048K, 4 young (8192K), 4 survivors (8192K)
 Metaspace       used 85729K, committed 87360K, reserved 1179648K
  class space    used 8636K, committed 9344K, reserved 1048576K
}
Event: 6348.486 GC heap before
{Heap before GC invocations=117 (full 0):
 garbage-first heap   total 274432K, used 231241K [0x0000000700000000, 0x0000000800000000)
  region size 2048K, 80 young (163840K), 4 survivors (8192K)
 Metaspace       used 85913K, committed 87616K, reserved 1179648K
  class space    used 8638K, committed 9344K, reserved 1048576K
}
Event: 6348.539 GC heap after
{Heap after GC invocations=118 (full 0):
 garbage-first heap   total 274432K, used 83465K [0x0000000700000000, 0x0000000800000000)
  region size 2048K, 7 young (14336K), 7 survivors (14336K)
 Metaspace       used 85913K, committed 87616K, reserved 1179648K
  class space    used 8638K, committed 9344K, reserved 1048576K
}
Event: 6357.223 GC heap before
{Heap before GC invocations=119 (full 0):
 garbage-first heap   total 274432K, used 230921K [0x0000000700000000, 0x0000000800000000)
  region size 2048K, 80 young (163840K), 7 survivors (14336K)
 Metaspace       used 85953K, committed 87680K, reserved 1179648K
  class space    used 8638K, committed 9344K, reserved 1048576K
}
Event: 6357.303 GC heap after
{Heap after GC invocations=120 (full 0):
 garbage-first heap   total 274432K, used 92066K [0x0000000700000000, 0x0000000800000000)
  region size 2048K, 9 young (18432K), 9 survivors (18432K)
 Metaspace       used 85953K, committed 87680K, reserved 1179648K
  class space    used 8638K, committed 9344K, reserved 1048576K
}
Event: 6373.617 GC heap before
{Heap before GC invocations=120 (full 0):
 garbage-first heap   total 274432K, used 235426K [0x0000000700000000, 0x0000000800000000)
  region size 2048K, 80 young (163840K), 9 survivors (18432K)
 Metaspace       used 85998K, committed 87680K, reserved 1179648K
  class space    used 8639K, committed 9344K, reserved 1048576K
}
Event: 6373.742 GC heap after
{Heap after GC invocations=121 (full 0):
 garbage-first heap   total 274432K, used 89952K [0x0000000700000000, 0x0000000800000000)
  region size 2048K, 3 young (6144K), 3 survivors (6144K)
 Metaspace       used 85998K, committed 87680K, reserved 1179648K
  class space    used 8639K, committed 9344K, reserved 1048576K
}
Event: 6374.109 GC heap before
{Heap before GC invocations=121 (full 0):
 garbage-first heap   total 274432K, used 94048K [0x0000000700000000, 0x0000000800000000)
  region size 2048K, 6 young (12288K), 3 survivors (6144K)
 Metaspace       used 85998K, committed 87680K, reserved 1179648K
  class space    used 8639K, committed 9344K, reserved 1048576K
}
Event: 6374.121 GC heap after
{Heap after GC invocations=122 (full 0):
 garbage-first heap   total 274432K, used 90976K [0x0000000700000000, 0x0000000800000000)
  region size 2048K, 3 young (6144K), 3 survivors (6144K)
 Metaspace       used 85998K, committed 87680K, reserved 1179648K
  class space    used 8639K, committed 9344K, reserved 1048576K
}
Event: 6374.469 GC heap before
{Heap before GC invocations=122 (full 0):
 garbage-first heap   total 274432K, used 95072K [0x0000000700000000, 0x0000000800000000)
  region size 2048K, 6 young (12288K), 3 survivors (6144K)
 Metaspace       used 85998K, committed 87680K, reserved 1179648K
  class space    used 8639K, committed 9344K, reserved 1048576K
}
Event: 6374.483 GC heap after
{Heap after GC invocations=123 (full 0):
 garbage-first heap   total 274432K, used 91491K [0x0000000700000000, 0x0000000800000000)
  region size 2048K, 4 young (8192K), 4 survivors (8192K)
 Metaspace       used 85998K, committed 87680K, reserved 1179648K
  class space    used 8639K, committed 9344K, reserved 1048576K
}

