# JRE version: OpenJDK Runtime Environment Temurin-21.0.12.1+1 (21.0.12.1+1) (build 21.0.12.1+1-LTS)
# Java VM: OpenJDK 64-Bit Server VM Temurin-21.0.12.1+1 (21.0.12.1+1-LTS, mixed mode, sharing, tiered, compressed oops, compressed class ptrs, g1 gc, windows-amd64)
GC Precious Log:
 CardTable entry size: 512
 Card Set container configuration: InlinePtr #cards 4 size 8 Array Of Cards #cards 16 size 48 Howl #buckets 8 coarsen threshold 3686 Howl Bitmap #cards 512 size 80 coarsen threshold 460 Card regions per heap region 1 cards per card region 4096
 CPUs: 2 total, 2 available
 Memory: 3919M
 Large Page Support: Disabled
 NUMA Support: Disabled
 Compressed Oops: Enabled (Zero based)
 Heap Region Size: 2M
 Heap Min Capacity: 8M
 Heap Initial Capacity: 62M
 Heap Max Capacity: 4G
 Pre-touch: Disabled
 Parallel Workers: 2
 Concurrent Workers: 1
 Concurrent Refinement Workers: 2
 Periodic GC: Disabled
 String Deduplication is enabled
Heap:
 garbage-first heap   total 137216K, used 78519K [0x0000000700000000, 0x0000000800000000)
  region size 2048K, 2 young (4096K), 2 survivors (4096K)
 Metaspace       used 69839K, committed 71424K, reserved 1114112K
  class space    used 7113K, committed 7872K, reserved 1048576K
GC Heap History (20 events):
Event: 209.249 GC heap before
{Heap before GC invocations=55 (full 0):
 garbage-first heap   total 120832K, used 99740K [0x0000000700000000, 0x0000000800000000)
  region size 2048K, 16 young (32768K), 2 survivors (4096K)
 Metaspace       used 67760K, committed 69312K, reserved 1114112K
  class space    used 6987K, committed 7680K, reserved 1048576K
}
Event: 209.260 GC heap after
{Heap after GC invocations=56 (full 0):
 garbage-first heap   total 120832K, used 73887K [0x0000000700000000, 0x0000000800000000)
  region size 2048K, 2 young (4096K), 2 survivors (4096K)
 Metaspace       used 67760K, committed 69312K, reserved 1114112K
  class space    used 6987K, committed 7680K, reserved 1048576K
}
Event: 213.803 GC heap before
{Heap before GC invocations=57 (full 0):
 garbage-first heap   total 126976K, used 106655K [0x0000000700000000, 0x0000000800000000)
  region size 2048K, 18 young (36864K), 2 survivors (4096K)
 Metaspace       used 67991K, committed 69568K, reserved 1114112K
  class space    used 6995K, committed 7680K, reserved 1048576K
}
Event: 213.812 GC heap after
{Heap after GC invocations=58 (full 0):
 garbage-first heap   total 126976K, used 73380K [0x0000000700000000, 0x0000000800000000)
  region size 2048K, 1 young (2048K), 1 survivors (2048K)
 Metaspace       used 67991K, committed 69568K, reserved 1114112K
  class space    used 6995K, committed 7680K, reserved 1048576K
}
Event: 220.584 GC heap before
{Heap before GC invocations=58 (full 0):
 garbage-first heap   total 126976K, used 114340K [0x0000000700000000, 0x0000000800000000)
  region size 2048K, 21 young (43008K), 1 survivors (2048K)
 Metaspace       used 68033K, committed 69632K, reserved 1114112K
  class space    used 6995K, committed 7680K, reserved 1048576K
}
Event: 220.607 GC heap after
{Heap after GC invocations=59 (full 0):
 garbage-first heap   total 126976K, used 67567K [0x0000000700000000, 0x0000000800000000)
  region size 2048K, 2 young (4096K), 2 survivors (4096K)
 Metaspace       used 68033K, committed 69632K, reserved 1114112K
  class space    used 6995K, committed 7680K, reserved 1048576K
}
Event: 225.776 GC heap before
{Heap before GC invocations=59 (full 0):
 garbage-first heap   total 126976K, used 112623K [0x0000000700000000, 0x0000000800000000)
  region size 2048K, 24 young (49152K), 2 survivors (4096K)
 Metaspace       used 68090K, committed 69632K, reserved 1114112K
  class space    used 6996K, committed 7680K, reserved 1048576K
}
Event: 225.784 GC heap after
{Heap after GC invocations=60 (full 0):
 garbage-first heap   total 126976K, used 67847K [0x0000000700000000, 0x0000000800000000)
  region size 2048K, 2 young (4096K), 2 survivors (4096K)
 Metaspace       used 68090K, committed 69632K, reserved 1114112K
  class space    used 6996K, committed 7680K, reserved 1048576K
}
Event: 229.467 GC heap before
{Heap before GC invocations=60 (full 0):
 garbage-first heap   total 126976K, used 112903K [0x0000000700000000, 0x0000000800000000)
  region size 2048K, 25 young (51200K), 2 survivors (4096K)
 Metaspace       used 68136K, committed 69760K, reserved 1114112K
  class space    used 7000K, committed 7744K, reserved 1048576K
}
Event: 229.475 GC heap after
{Heap after GC invocations=61 (full 0):
 garbage-first heap   total 126976K, used 68066K [0x0000000700000000, 0x0000000800000000)
  region size 2048K, 2 young (4096K), 2 survivors (4096K)
 Metaspace       used 68136K, committed 69760K, reserved 1114112K
  class space    used 7000K, committed 7744K, reserved 1048576K
}
Event: 233.644 GC heap before
{Heap before GC invocations=61 (full 0):
 garbage-first heap   total 126976K, used 115170K [0x0000000700000000, 0x0000000800000000)
  region size 2048K, 25 young (51200K), 2 survivors (4096K)
 Metaspace       used 68283K, committed 69888K, reserved 1114112K
  class space    used 7006K, committed 7744K, reserved 1048576K
}
Event: 233.656 GC heap after
{Heap after GC invocations=62 (full 0):
 garbage-first heap   total 126976K, used 67884K [0x0000000700000000, 0x0000000800000000)
  region size 2048K, 2 young (4096K), 2 survivors (4096K)
 Metaspace       used 68283K, committed 69888K, reserved 1114112K
  class space    used 7006K, committed 7744K, reserved 1048576K
}
Event: 2120.762 GC heap before
{Heap before GC invocations=63 (full 0):
 garbage-first heap   total 126976K, used 114988K [0x0000000700000000, 0x0000000800000000)
  region size 2048K, 26 young (53248K), 2 survivors (4096K)
 Metaspace       used 68830K, committed 70464K, reserved 1114112K
  class space    used 7050K, committed 7808K, reserved 1048576K
}
Event: 2121.217 GC heap after
{Heap after GC invocations=64 (full 0):
 garbage-first heap   total 129024K, used 75589K [0x0000000700000000, 0x0000000800000000)
  region size 2048K, 4 young (8192K), 4 survivors (8192K)
 Metaspace       used 68830K, committed 70464K, reserved 1114112K
  class space    used 7050K, committed 7808K, reserved 1048576K
}
Event: 6026.347 GC heap before
{Heap before GC invocations=64 (full 0):
 garbage-first heap   total 129024K, used 120645K [0x0000000700000000, 0x0000000800000000)
  region size 2048K, 22 young (45056K), 4 survivors (8192K)
 Metaspace       used 69751K, committed 71360K, reserved 1114112K
  class space    used 7103K, committed 7872K, reserved 1048576K
}
Event: 6026.786 GC heap after
{Heap after GC invocations=65 (full 0):
 garbage-first heap   total 137216K, used 76243K [0x0000000700000000, 0x0000000800000000)
  region size 2048K, 2 young (4096K), 2 survivors (4096K)
 Metaspace       used 69751K, committed 71360K, reserved 1114112K
  class space    used 7103K, committed 7872K, reserved 1048576K
}
Event: 6035.418 GC heap before
{Heap before GC invocations=65 (full 0):
 garbage-first heap   total 137216K, used 82387K [0x0000000700000000, 0x0000000800000000)
  region size 2048K, 7 young (14336K), 2 survivors (4096K)
 Metaspace       used 69839K, committed 71424K, reserved 1114112K
  class space    used 7113K, committed 7872K, reserved 1048576K
}
Event: 6035.475 GC heap after
{Heap after GC invocations=66 (full 0):
 garbage-first heap   total 137216K, used 78090K [0x0000000700000000, 0x0000000800000000)
  region size 2048K, 3 young (6144K), 3 survivors (6144K)
 Metaspace       used 69839K, committed 71424K, reserved 1114112K
  class space    used 7113K, committed 7872K, reserved 1048576K
}
Event: 6035.501 GC heap before
{Heap before GC invocations=66 (full 0):
 garbage-first heap   total 137216K, used 78090K [0x0000000700000000, 0x0000000800000000)
  region size 2048K, 3 young (6144K), 3 survivors (6144K)
 Metaspace       used 69839K, committed 71424K, reserved 1114112K
  class space    used 7113K, committed 7872K, reserved 1048576K
}
Event: 6035.565 GC heap after
{Heap after GC invocations=67 (full 0):
 garbage-first heap   total 137216K, used 78519K [0x0000000700000000, 0x0000000800000000)
  region size 2048K, 2 young (4096K), 2 survivors (4096K)
 Metaspace       used 69839K, committed 71424K, reserved 1114112K
  class space    used 7113K, committed 7872K, reserved 1048576K
}

