# JRE version: OpenJDK Runtime Environment Temurin-21.0.12.1+1 (21.0.12.1+1) (build 21.0.12.1+1-LTS)
# Java VM: OpenJDK 64-Bit Server VM Temurin-21.0.12.1+1 (21.0.12.1+1-LTS, mixed mode, sharing, tiered, compressed oops, compressed class ptrs, g1 gc, windows-amd64)
GC Precious Log:
 CardTable entry size: 512
 Card Set container configuration: InlinePtr #cards 4 size 8 Array Of Cards #cards 16 size 48 Howl #buckets 8 coarsen threshold 3686 Howl Bitmap #cards 512 size 80 coarsen threshold 460 Card regions per heap region 1 cards per card region 4096
 CPUs: 2 total, 2 available
 Memory: 3919M
 Large Page Support: Disabled
 NUMA Support: Disabled
 Compressed Oops: Enabled (Zero based)
 Heap Region Size: 2M
 Heap Min Capacity: 8M
 Heap Initial Capacity: 62M
 Heap Max Capacity: 4G
 Pre-touch: Disabled
 Parallel Workers: 2
 Concurrent Workers: 1
 Concurrent Refinement Workers: 2
 Periodic GC: Disabled
 String Deduplication is enabled
Heap:
 garbage-first heap   total 153600K, used 86471K [0x0000000700000000, 0x0000000800000000)
  region size 2048K, 1 young (2048K), 1 survivors (2048K)
 Metaspace       used 71385K, committed 73152K, reserved 1179648K
  class space    used 7317K, committed 8128K, reserved 1048576K
GC Heap History (20 events):
Event: 180.657 GC heap before
{Heap before GC invocations=61 (full 0):
 garbage-first heap   total 143360K, used 89559K [0x0000000700000000, 0x0000000800000000)
  region size 2048K, 5 young (10240K), 3 survivors (6144K)
 Metaspace       used 68804K, committed 70336K, reserved 1114112K
  class space    used 7093K, committed 7744K, reserved 1048576K
}
Event: 180.670 GC heap after
{Heap after GC invocations=62 (full 0):
 garbage-first heap   total 143360K, used 88533K [0x0000000700000000, 0x0000000800000000)
  region size 2048K, 1 young (2048K), 1 survivors (2048K)
 Metaspace       used 68804K, committed 70336K, reserved 1114112K
  class space    used 7093K, committed 7744K, reserved 1048576K
}
Event: 185.031 GC heap before
{Heap before GC invocations=63 (full 0):
 garbage-first heap   total 151552K, used 127445K [0x0000000700000000, 0x0000000800000000)
  region size 2048K, 19 young (38912K), 1 survivors (2048K)
 Metaspace       used 69305K, committed 70848K, reserved 1114112K
  class space    used 7140K, committed 7808K, reserved 1048576K
}
Event: 185.046 GC heap after
{Heap after GC invocations=64 (full 0):
 garbage-first heap   total 151552K, used 93307K [0x0000000700000000, 0x0000000800000000)
  region size 2048K, 3 young (6144K), 3 survivors (6144K)
 Metaspace       used 69305K, committed 70848K, reserved 1114112K
  class space    used 7140K, committed 7808K, reserved 1048576K
}
Event: 190.553 GC heap before
{Heap before GC invocations=64 (full 0):
 garbage-first heap   total 151552K, used 132219K [0x0000000700000000, 0x0000000800000000)
  region size 2048K, 23 young (47104K), 3 survivors (6144K)
 Metaspace       used 69573K, committed 71104K, reserved 1114112K
  class space    used 7151K, committed 7872K, reserved 1048576K
}
Event: 190.592 GC heap after
{Heap after GC invocations=65 (full 0):
 garbage-first heap   total 151552K, used 87703K [0x0000000700000000, 0x0000000800000000)
  region size 2048K, 3 young (6144K), 3 survivors (6144K)
 Metaspace       used 69573K, committed 71104K, reserved 1114112K
  class space    used 7151K, committed 7872K, reserved 1048576K
}
Event: 252.021 GC heap before
{Heap before GC invocations=65 (full 0):
 garbage-first heap   total 151552K, used 128663K [0x0000000700000000, 0x0000000800000000)
  region size 2048K, 23 young (47104K), 3 survivors (6144K)
 Metaspace       used 69904K, committed 71424K, reserved 1114112K
  class space    used 7159K, committed 7872K, reserved 1048576K
}
Event: 252.050 GC heap after
{Heap after GC invocations=66 (full 0):
 garbage-first heap   total 151552K, used 89498K [0x0000000700000000, 0x0000000800000000)
  region size 2048K, 3 young (6144K), 3 survivors (6144K)
 Metaspace       used 69904K, committed 71424K, reserved 1114112K
  class space    used 7159K, committed 7872K, reserved 1048576K
}
Event: 254.211 GC heap before
{Heap before GC invocations=66 (full 0):
 garbage-first heap   total 151552K, used 97690K [0x0000000700000000, 0x0000000800000000)
  region size 2048K, 8 young (16384K), 3 survivors (6144K)
 Metaspace       used 69942K, committed 71488K, reserved 1114112K
  class space    used 7159K, committed 7872K, reserved 1048576K
}
Event: 254.228 GC heap after
{Heap after GC invocations=67 (full 0):
 garbage-first heap   total 151552K, used 91482K [0x0000000700000000, 0x0000000800000000)
  region size 2048K, 2 young (4096K), 2 survivors (4096K)
 Metaspace       used 69942K, committed 71488K, reserved 1114112K
  class space    used 7159K, committed 7872K, reserved 1048576K
}
Event: 330.843 GC heap before
{Heap before GC invocations=68 (full 0):
 garbage-first heap   total 153600K, used 130394K [0x0000000700000000, 0x0000000800000000)
  region size 2048K, 20 young (40960K), 2 survivors (4096K)
 Metaspace       used 70056K, committed 71616K, reserved 1114112K
  class space    used 7166K, committed 7872K, reserved 1048576K
}
Event: 330.855 GC heap after
{Heap after GC invocations=69 (full 0):
 garbage-first heap   total 153600K, used 92160K [0x0000000700000000, 0x0000000800000000)
  region size 2048K, 2 young (4096K), 2 survivors (4096K)
 Metaspace       used 70056K, committed 71616K, reserved 1114112K
  class space    used 7166K, committed 7872K, reserved 1048576K
}
Event: 337.049 GC heap before
{Heap before GC invocations=69 (full 0):
 garbage-first heap   total 153600K, used 131072K [0x0000000700000000, 0x0000000800000000)
  region size 2048K, 22 young (45056K), 2 survivors (4096K)
 Metaspace       used 70940K, committed 72576K, reserved 1114112K
  class space    used 7282K, committed 8000K, reserved 1048576K
}
Event: 337.108 GC heap after
{Heap after GC invocations=70 (full 0):
 garbage-first heap   total 153600K, used 85001K [0x0000000700000000, 0x0000000800000000)
  region size 2048K, 3 young (6144K), 3 survivors (6144K)
 Metaspace       used 70940K, committed 72576K, reserved 1114112K
  class space    used 7282K, committed 8000K, reserved 1048576K
}
Event: 349.880 GC heap before
{Heap before GC invocations=70 (full 0):
 garbage-first heap   total 153600K, used 128009K [0x0000000700000000, 0x0000000800000000)
  region size 2048K, 25 young (51200K), 3 survivors (6144K)
 Metaspace       used 71378K, committed 73152K, reserved 1179648K
  class space    used 7317K, committed 8128K, reserved 1048576K
}
Event: 349.928 GC heap after
{Heap after GC invocations=71 (full 0):
 garbage-first heap   total 153600K, used 85287K [0x0000000700000000, 0x0000000800000000)
  region size 2048K, 4 young (8192K), 4 survivors (8192K)
 Metaspace       used 71378K, committed 73152K, reserved 1179648K
  class space    used 7317K, committed 8128K, reserved 1048576K
}
Event: 350.250 GC heap before
{Heap before GC invocations=71 (full 0):
 garbage-first heap   total 153600K, used 89383K [0x0000000700000000, 0x0000000800000000)
  region size 2048K, 7 young (14336K), 4 survivors (8192K)
 Metaspace       used 71384K, committed 73152K, reserved 1179648K
  class space    used 7317K, committed 8128K, reserved 1048576K
}
Event: 350.269 GC heap after
{Heap after GC invocations=72 (full 0):
 garbage-first heap   total 153600K, used 86652K [0x0000000700000000, 0x0000000800000000)
  region size 2048K, 1 young (2048K), 1 survivors (2048K)
 Metaspace       used 71384K, committed 73152K, reserved 1179648K
  class space    used 7317K, committed 8128K, reserved 1048576K
}
Event: 351.854 GC heap before
{Heap before GC invocations=73 (full 0):
 garbage-first heap   total 153600K, used 86652K [0x0000000700000000, 0x0000000800000000)
  region size 2048K, 2 young (4096K), 1 survivors (2048K)
 Metaspace       used 71385K, committed 73152K, reserved 1179648K
  class space    used 7317K, committed 8128K, reserved 1048576K
}
Event: 351.863 GC heap after
{Heap after GC invocations=74 (full 0):
 garbage-first heap   total 153600K, used 86471K [0x0000000700000000, 0x0000000800000000)
  region size 2048K, 1 young (2048K), 1 survivors (2048K)
 Metaspace       used 71385K, committed 73152K, reserved 1179648K
  class space    used 7317K, committed 8128K, reserved 1048576K
}

