# JRE version: OpenJDK Runtime Environment Temurin-21.0.12.1+1 (21.0.12.1+1) (build 21.0.12.1+1-LTS)
# Java VM: OpenJDK 64-Bit Server VM Temurin-21.0.12.1+1 (21.0.12.1+1-LTS, mixed mode, sharing, tiered, compressed oops, compressed class ptrs, g1 gc, windows-amd64)
GC Precious Log:
 CardTable entry size: 512
 Card Set container configuration: InlinePtr #cards 4 size 8 Array Of Cards #cards 16 size 48 Howl #buckets 8 coarsen threshold 3686 Howl Bitmap #cards 512 size 80 coarsen threshold 460 Card regions per heap region 1 cards per card region 4096
 CPUs: 2 total, 2 available
 Memory: 3919M
 Large Page Support: Disabled
 NUMA Support: Disabled
 Compressed Oops: Enabled (Zero based)
 Heap Region Size: 2M
 Heap Min Capacity: 8M
 Heap Initial Capacity: 62M
 Heap Max Capacity: 4G
 Pre-touch: Disabled
 Parallel Workers: 2
 Concurrent Workers: 1
 Concurrent Refinement Workers: 2
 Periodic GC: Disabled
 String Deduplication is enabled
Heap:
 garbage-first heap   total 145408K, used 76173K [0x0000000700000000, 0x0000000800000000)
  region size 2048K, 1 young (2048K), 1 survivors (2048K)
 Metaspace       used 74594K, committed 76288K, reserved 1179648K
  class space    used 7809K, committed 8576K, reserved 1048576K
GC Heap History (20 events):
Event: 300.483 GC heap before
{Heap before GC invocations=54 (full 0):
 garbage-first heap   total 126976K, used 116076K [0x0000000700000000, 0x0000000800000000)
  region size 2048K, 33 young (67584K), 2 survivors (4096K)
 Metaspace       used 66106K, committed 67584K, reserved 1114112K
  class space    used 7118K, committed 7744K, reserved 1048576K
}
Event: 300.516 GC heap after
{Heap after GC invocations=55 (full 0):
 garbage-first heap   total 131072K, used 61068K [0x0000000700000000, 0x0000000800000000)
  region size 2048K, 5 young (10240K), 5 survivors (10240K)
 Metaspace       used 66106K, committed 67584K, reserved 1114112K
  class space    used 7118K, committed 7744K, reserved 1048576K
}
Event: 305.036 GC heap before
{Heap before GC invocations=55 (full 0):
 garbage-first heap   total 131072K, used 97932K [0x0000000700000000, 0x0000000800000000)
  region size 2048K, 24 young (49152K), 5 survivors (10240K)
 Metaspace       used 68489K, committed 69952K, reserved 1114112K
  class space    used 7290K, committed 7936K, reserved 1048576K
}
Event: 305.055 GC heap after
{Heap after GC invocations=56 (full 0):
 garbage-first heap   total 131072K, used 62022K [0x0000000700000000, 0x0000000800000000)
  region size 2048K, 1 young (2048K), 1 survivors (2048K)
 Metaspace       used 68489K, committed 69952K, reserved 1114112K
  class space    used 7290K, committed 7936K, reserved 1048576K
}
Event: 360.421 GC heap before
{Heap before GC invocations=57 (full 0):
 garbage-first heap   total 131072K, used 127558K [0x0000000700000000, 0x0000000800000000)
  region size 2048K, 29 young (59392K), 1 survivors (2048K)
 Metaspace       used 69205K, committed 70656K, reserved 1114112K
  class space    used 7324K, committed 7936K, reserved 1048576K
}
Event: 360.446 GC heap after
{Heap after GC invocations=58 (full 0):
 garbage-first heap   total 141312K, used 70306K [0x0000000700000000, 0x0000000800000000)
  region size 2048K, 4 young (8192K), 4 survivors (8192K)
 Metaspace       used 69205K, committed 70656K, reserved 1114112K
  class space    used 7324K, committed 7936K, reserved 1048576K
}
Event: 589.189 GC heap before
{Heap before GC invocations=58 (full 0):
 garbage-first heap   total 141312K, used 127650K [0x0000000700000000, 0x0000000800000000)
  region size 2048K, 31 young (63488K), 4 survivors (8192K)
 Metaspace       used 70322K, committed 71808K, reserved 1114112K
  class space    used 7381K, committed 8000K, reserved 1048576K
}
Event: 589.227 GC heap after
{Heap after GC invocations=59 (full 0):
 garbage-first heap   total 145408K, used 74548K [0x0000000700000000, 0x0000000800000000)
  region size 2048K, 3 young (6144K), 3 survivors (6144K)
 Metaspace       used 70322K, committed 71808K, reserved 1114112K
  class space    used 7381K, committed 8000K, reserved 1048576K
}
Event: 603.235 GC heap before
{Heap before GC invocations=59 (full 0):
 garbage-first heap   total 145408K, used 127796K [0x0000000700000000, 0x0000000800000000)
  region size 2048K, 29 young (59392K), 3 survivors (6144K)
 Metaspace       used 71213K, committed 72640K, reserved 1114112K
  class space    used 7466K, committed 8064K, reserved 1048576K
}
Event: 603.263 GC heap after
{Heap after GC invocations=60 (full 0):
 garbage-first heap   total 145408K, used 81310K [0x0000000700000000, 0x0000000800000000)
  region size 2048K, 4 young (8192K), 4 survivors (8192K)
 Metaspace       used 71213K, committed 72640K, reserved 1114112K
  class space    used 7466K, committed 8064K, reserved 1048576K
}
Event: 608.489 GC heap before
{Heap before GC invocations=61 (full 0):
 garbage-first heap   total 145408K, used 126366K [0x0000000700000000, 0x0000000800000000)
  region size 2048K, 26 young (53248K), 4 survivors (8192K)
 Metaspace       used 73173K, committed 74752K, reserved 1179648K
  class space    used 7727K, committed 8384K, reserved 1048576K
}
Event: 608.510 GC heap after
{Heap after GC invocations=62 (full 0):
 garbage-first heap   total 145408K, used 83054K [0x0000000700000000, 0x0000000800000000)
  region size 2048K, 2 young (4096K), 2 survivors (4096K)
 Metaspace       used 73173K, committed 74752K, reserved 1179648K
  class space    used 7727K, committed 8384K, reserved 1048576K
}
Event: 616.122 GC heap before
{Heap before GC invocations=62 (full 0):
 garbage-first heap   total 145408K, used 126062K [0x0000000700000000, 0x0000000800000000)
  region size 2048K, 24 young (49152K), 2 survivors (4096K)
 Metaspace       used 73750K, committed 75264K, reserved 1179648K
  class space    used 7754K, committed 8448K, reserved 1048576K
}
Event: 616.149 GC heap after
{Heap after GC invocations=63 (full 0):
 garbage-first heap   total 145408K, used 82390K [0x0000000700000000, 0x0000000800000000)
  region size 2048K, 3 young (6144K), 3 survivors (6144K)
 Metaspace       used 73750K, committed 75264K, reserved 1179648K
  class space    used 7754K, committed 8448K, reserved 1048576K
}
Event: 619.468 GC heap before
{Heap before GC invocations=63 (full 0):
 garbage-first heap   total 145408K, used 125398K [0x0000000700000000, 0x0000000800000000)
  region size 2048K, 25 young (51200K), 3 survivors (6144K)
 Metaspace       used 73923K, committed 75520K, reserved 1179648K
  class space    used 7755K, committed 8448K, reserved 1048576K
}
Event: 619.484 GC heap after
{Heap after GC invocations=64 (full 0):
 garbage-first heap   total 145408K, used 84391K [0x0000000700000000, 0x0000000800000000)
  region size 2048K, 3 young (6144K), 3 survivors (6144K)
 Metaspace       used 73923K, committed 75520K, reserved 1179648K
  class space    used 7755K, committed 8448K, reserved 1048576K
}
Event: 3648.974 GC heap before
{Heap before GC invocations=65 (full 0):
 garbage-first heap   total 145408K, used 125351K [0x0000000700000000, 0x0000000800000000)
  region size 2048K, 24 young (49152K), 3 survivors (6144K)
 Metaspace       used 74462K, committed 76160K, reserved 1179648K
  class space    used 7807K, committed 8576K, reserved 1048576K
}
Event: 3649.183 GC heap after
{Heap after GC invocations=66 (full 0):
 garbage-first heap   total 145408K, used 86836K [0x0000000700000000, 0x0000000800000000)
  region size 2048K, 3 young (6144K), 3 survivors (6144K)
 Metaspace       used 74462K, committed 76160K, reserved 1179648K
  class space    used 7807K, committed 8576K, reserved 1048576K
}
Event: 3652.165 GC heap before
{Heap before GC invocations=66 (full 0):
 garbage-first heap   total 145408K, used 97076K [0x0000000700000000, 0x0000000800000000)
  region size 2048K, 9 young (18432K), 3 survivors (6144K)
 Metaspace       used 74594K, committed 76288K, reserved 1179648K
  class space    used 7809K, committed 8576K, reserved 1048576K
}
Event: 3652.298 GC heap after
{Heap after GC invocations=67 (full 0):
 garbage-first heap   total 145408K, used 76173K [0x0000000700000000, 0x0000000800000000)
  region size 2048K, 1 young (2048K), 1 survivors (2048K)
 Metaspace       used 74594K, committed 76288K, reserved 1179648K
  class space    used 7809K, committed 8576K, reserved 1048576K
}

