# JRE version: OpenJDK Runtime Environment Temurin-21.0.12.1+1 (21.0.12.1+1) (build 21.0.12.1+1-LTS)
# Java VM: OpenJDK 64-Bit Server VM Temurin-21.0.12.1+1 (21.0.12.1+1-LTS, mixed mode, sharing, tiered, compressed oops, compressed class ptrs, g1 gc, windows-amd64)
GC Precious Log:
 CardTable entry size: 512
 Card Set container configuration: InlinePtr #cards 4 size 8 Array Of Cards #cards 16 size 48 Howl #buckets 8 coarsen threshold 3686 Howl Bitmap #cards 512 size 80 coarsen threshold 460 Card regions per heap region 1 cards per card region 4096
 CPUs: 2 total, 2 available
 Memory: 3919M
 Large Page Support: Disabled
 NUMA Support: Disabled
 Compressed Oops: Enabled (Zero based)
 Heap Region Size: 2M
 Heap Min Capacity: 8M
 Heap Initial Capacity: 62M
 Heap Max Capacity: 4G
 Pre-touch: Disabled
 Parallel Workers: 2
 Concurrent Workers: 1
 Concurrent Refinement Workers: 2
 Periodic GC: Disabled
 String Deduplication is enabled
Heap:
 garbage-first heap   total 126976K, used 71307K [0x0000000700000000, 0x0000000800000000)
  region size 2048K, 2 young (4096K), 2 survivors (4096K)
 Metaspace       used 69702K, committed 71232K, reserved 1114112K
  class space    used 7132K, committed 7808K, reserved 1048576K
GC Heap History (20 events):
Event: 136.118 GC heap before
{Heap before GC invocations=47 (full 0):
 garbage-first heap   total 120832K, used 106182K [0x0000000700000000, 0x0000000800000000)
  region size 2048K, 24 young (49152K), 2 survivors (4096K)
 Metaspace       used 63940K, committed 65472K, reserved 1114112K
  class space    used 6701K, committed 7360K, reserved 1048576K
}
Event: 136.135 GC heap after
{Heap after GC invocations=48 (full 0):
 garbage-first heap   total 120832K, used 64460K [0x0000000700000000, 0x0000000800000000)
  region size 2048K, 3 young (6144K), 3 survivors (6144K)
 Metaspace       used 63940K, committed 65472K, reserved 1114112K
  class space    used 6701K, committed 7360K, reserved 1048576K
}
Event: 139.045 GC heap before
{Heap before GC invocations=48 (full 0):
 garbage-first heap   total 120832K, used 105420K [0x0000000700000000, 0x0000000800000000)
  region size 2048K, 24 young (49152K), 3 survivors (6144K)
 Metaspace       used 65750K, committed 67264K, reserved 1114112K
  class space    used 6846K, committed 7488K, reserved 1048576K
}
Event: 139.062 GC heap after
{Heap after GC invocations=49 (full 0):
 garbage-first heap   total 120832K, used 66322K [0x0000000700000000, 0x0000000800000000)
  region size 2048K, 3 young (6144K), 3 survivors (6144K)
 Metaspace       used 65750K, committed 67264K, reserved 1114112K
  class space    used 6846K, committed 7488K, reserved 1048576K
}
Event: 141.325 GC heap before
{Heap before GC invocations=50 (full 0):
 garbage-first heap   total 120832K, used 105234K [0x0000000700000000, 0x0000000800000000)
  region size 2048K, 23 young (47104K), 3 survivors (6144K)
 Metaspace       used 66106K, committed 67584K, reserved 1114112K
  class space    used 6861K, committed 7488K, reserved 1048576K
}
Event: 141.346 GC heap after
{Heap after GC invocations=51 (full 0):
 garbage-first heap   total 120832K, used 71013K [0x0000000700000000, 0x0000000800000000)
  region size 2048K, 3 young (6144K), 3 survivors (6144K)
 Metaspace       used 66106K, committed 67584K, reserved 1114112K
  class space    used 6861K, committed 7488K, reserved 1048576K
}
Event: 144.631 GC heap before
{Heap before GC invocations=51 (full 0):
 garbage-first heap   total 120832K, used 107877K [0x0000000700000000, 0x0000000800000000)
  region size 2048K, 21 young (43008K), 3 survivors (6144K)
 Metaspace       used 68203K, committed 69760K, reserved 1114112K
  class space    used 7035K, committed 7744K, reserved 1048576K
}
Event: 144.661 GC heap after
{Heap after GC invocations=52 (full 0):
 garbage-first heap   total 122880K, used 65366K [0x0000000700000000, 0x0000000800000000)
  region size 2048K, 2 young (4096K), 2 survivors (4096K)
 Metaspace       used 68203K, committed 69760K, reserved 1114112K
  class space    used 7035K, committed 7744K, reserved 1048576K
}
Event: 146.414 GC heap before
{Heap before GC invocations=52 (full 0):
 garbage-first heap   total 122880K, used 89942K [0x0000000700000000, 0x0000000800000000)
  region size 2048K, 16 young (32768K), 2 survivors (4096K)
 Metaspace       used 68371K, committed 69888K, reserved 1114112K
  class space    used 7037K, committed 7744K, reserved 1048576K
}
Event: 146.437 GC heap after
{Heap after GC invocations=53 (full 0):
 garbage-first heap   total 122880K, used 68401K [0x0000000700000000, 0x0000000800000000)
  region size 2048K, 3 young (6144K), 3 survivors (6144K)
 Metaspace       used 68371K, committed 69888K, reserved 1114112K
  class space    used 7037K, committed 7744K, reserved 1048576K
}
Event: 1679.260 GC heap before
{Heap before GC invocations=54 (full 0):
 garbage-first heap   total 122880K, used 113457K [0x0000000700000000, 0x0000000800000000)
  region size 2048K, 22 young (45056K), 3 survivors (6144K)
 Metaspace       used 69154K, committed 70720K, reserved 1114112K
  class space    used 7104K, committed 7808K, reserved 1048576K
}
Event: 1680.317 GC heap after
{Heap after GC invocations=55 (full 0):
 garbage-first heap   total 124928K, used 70660K [0x0000000700000000, 0x0000000800000000)
  region size 2048K, 2 young (4096K), 2 survivors (4096K)
 Metaspace       used 69154K, committed 70720K, reserved 1114112K
  class space    used 7104K, committed 7808K, reserved 1048576K
}
Event: 1739.067 GC heap before
{Heap before GC invocations=55 (full 0):
 garbage-first heap   total 124928K, used 111620K [0x0000000700000000, 0x0000000800000000)
  region size 2048K, 21 young (43008K), 2 survivors (4096K)
 Metaspace       used 69463K, committed 71040K, reserved 1114112K
  class space    used 7116K, committed 7808K, reserved 1048576K
}
Event: 1739.431 GC heap after
{Heap after GC invocations=56 (full 0):
 garbage-first heap   total 124928K, used 72270K [0x0000000700000000, 0x0000000800000000)
  region size 2048K, 3 young (6144K), 3 survivors (6144K)
 Metaspace       used 69463K, committed 71040K, reserved 1114112K
  class space    used 7116K, committed 7808K, reserved 1048576K
}
Event: 1745.032 GC heap before
{Heap before GC invocations=56 (full 0):
 garbage-first heap   total 124928K, used 74318K [0x0000000700000000, 0x0000000800000000)
  region size 2048K, 4 young (8192K), 3 survivors (6144K)
 Metaspace       used 69469K, committed 71040K, reserved 1114112K
  class space    used 7116K, committed 7808K, reserved 1048576K
}
Event: 1745.086 GC heap after
{Heap after GC invocations=57 (full 0):
 garbage-first heap   total 124928K, used 73290K [0x0000000700000000, 0x0000000800000000)
  region size 2048K, 1 young (2048K), 1 survivors (2048K)
 Metaspace       used 69469K, committed 71040K, reserved 1114112K
  class space    used 7116K, committed 7808K, reserved 1048576K
}
Event: 1749.532 GC heap before
{Heap before GC invocations=58 (full 0):
 garbage-first heap   total 126976K, used 77386K [0x0000000700000000, 0x0000000800000000)
  region size 2048K, 3 young (6144K), 1 survivors (2048K)
 Metaspace       used 69518K, committed 71104K, reserved 1114112K
  class space    used 7119K, committed 7808K, reserved 1048576K
}
Event: 1749.552 GC heap after
{Heap after GC invocations=59 (full 0):
 garbage-first heap   total 126976K, used 74202K [0x0000000700000000, 0x0000000800000000)
  region size 2048K, 1 young (2048K), 1 survivors (2048K)
 Metaspace       used 69518K, committed 71104K, reserved 1114112K
  class space    used 7119K, committed 7808K, reserved 1048576K
}
Event: 1757.146 GC heap before
{Heap before GC invocations=59 (full 0):
 garbage-first heap   total 126976K, used 94682K [0x0000000700000000, 0x0000000800000000)
  region size 2048K, 13 young (26624K), 1 survivors (2048K)
 Metaspace       used 69702K, committed 71232K, reserved 1114112K
  class space    used 7132K, committed 7808K, reserved 1048576K
}
Event: 1757.182 GC heap after
{Heap after GC invocations=60 (full 0):
 garbage-first heap   total 126976K, used 71307K [0x0000000700000000, 0x0000000800000000)
  region size 2048K, 2 young (4096K), 2 survivors (4096K)
 Metaspace       used 69702K, committed 71232K, reserved 1114112K
  class space    used 7132K, committed 7808K, reserved 1048576K
}

