# JRE version: OpenJDK Runtime Environment Temurin-21.0.12.1+1 (21.0.12.1+1) (build 21.0.12.1+1-LTS)
# Java VM: OpenJDK 64-Bit Server VM Temurin-21.0.12.1+1 (21.0.12.1+1-LTS, mixed mode, sharing, tiered, compressed oops, compressed class ptrs, g1 gc, windows-amd64)
GC Precious Log:
 CardTable entry size: 512
 Card Set container configuration: InlinePtr #cards 4 size 8 Array Of Cards #cards 16 size 48 Howl #buckets 8 coarsen threshold 3686 Howl Bitmap #cards 512 size 80 coarsen threshold 460 Card regions per heap region 1 cards per card region 4096
 CPUs: 2 total, 2 available
 Memory: 3919M
 Large Page Support: Disabled
 NUMA Support: Disabled
 Compressed Oops: Enabled (Zero based)
 Heap Region Size: 2M
 Heap Min Capacity: 8M
 Heap Initial Capacity: 62M
 Heap Max Capacity: 4G
 Pre-touch: Disabled
 Parallel Workers: 2
 Concurrent Workers: 1
 Concurrent Refinement Workers: 2
 Periodic GC: Disabled
 String Deduplication is enabled
Heap:
 garbage-first heap   total 604160K, used 229831K [0x0000000700000000, 0x0000000800000000)
  region size 2048K, 3 young (6144K), 3 survivors (6144K)
 Metaspace       used 89230K, committed 91392K, reserved 1179648K
  class space    used 8788K, committed 9728K, reserved 1048576K
GC Heap History (20 events):
Event: 2435.393 GC heap after
{Heap after GC invocations=152 (full 0):
 garbage-first heap   total 604160K, used 227261K [0x0000000700000000, 0x0000000800000000)
  region size 2048K, 3 young (6144K), 3 survivors (6144K)
 Metaspace       used 89079K, committed 90944K, reserved 1179648K
  class space    used 8874K, committed 9728K, reserved 1048576K
}
Event: 2571.887 GC heap before
{Heap before GC invocations=153 (full 0):
 garbage-first heap   total 604160K, used 571325K [0x0000000700000000, 0x0000000800000000)
  region size 2048K, 171 young (350208K), 3 survivors (6144K)
 Metaspace       used 89181K, committed 91136K, reserved 1179648K
  class space    used 8874K, committed 9728K, reserved 1048576K
}
Event: 2571.909 GC heap after
{Heap after GC invocations=154 (full 0):
 garbage-first heap   total 604160K, used 225155K [0x0000000700000000, 0x0000000800000000)
  region size 2048K, 2 young (4096K), 2 survivors (4096K)
 Metaspace       used 89181K, committed 91136K, reserved 1179648K
  class space    used 8874K, committed 9728K, reserved 1048576K
}
Event: 2654.535 GC heap before
{Heap before GC invocations=154 (full 0):
 garbage-first heap   total 604160K, used 569219K [0x0000000700000000, 0x0000000800000000)
  region size 2048K, 171 young (350208K), 2 survivors (4096K)
 Metaspace       used 89304K, committed 91200K, reserved 1179648K
  class space    used 8876K, committed 9728K, reserved 1048576K
}
Event: 2654.619 GC heap after
{Heap after GC invocations=155 (full 0):
 garbage-first heap   total 604160K, used 217708K [0x0000000700000000, 0x0000000800000000)
  region size 2048K, 2 young (4096K), 2 survivors (4096K)
 Metaspace       used 89304K, committed 91200K, reserved 1179648K
  class space    used 8876K, committed 9728K, reserved 1048576K
}
Event: 4651.434 GC heap before
{Heap before GC invocations=155 (full 0):
 garbage-first heap   total 604160K, used 567916K [0x0000000700000000, 0x0000000800000000)
  region size 2048K, 174 young (356352K), 2 survivors (4096K)
 Metaspace       used 89471K, committed 91392K, reserved 1179648K
  class space    used 8880K, committed 9728K, reserved 1048576K
}
Event: 4652.047 GC heap after
{Heap after GC invocations=156 (full 0):
 garbage-first heap   total 604160K, used 225400K [0x0000000700000000, 0x0000000800000000)
  region size 2048K, 6 young (12288K), 6 survivors (12288K)
 Metaspace       used 89471K, committed 91392K, reserved 1179648K
  class space    used 8880K, committed 9728K, reserved 1048576K
}
Event: 4656.471 GC heap before
{Heap before GC invocations=156 (full 0):
 garbage-first heap   total 604160K, used 241784K [0x0000000700000000, 0x0000000800000000)
  region size 2048K, 14 young (28672K), 6 survivors (12288K)
 Metaspace       used 89491K, committed 91392K, reserved 1179648K
  class space    used 8880K, committed 9728K, reserved 1048576K
}
Event: 4657.016 GC heap after
{Heap after GC invocations=157 (full 0):
 garbage-first heap   total 604160K, used 225569K [0x0000000700000000, 0x0000000800000000)
  region size 2048K, 2 young (4096K), 2 survivors (4096K)
 Metaspace       used 89491K, committed 91392K, reserved 1179648K
  class space    used 8880K, committed 9728K, reserved 1048576K
}
Event: 4671.058 GC heap before
{Heap before GC invocations=157 (full 0):
 garbage-first heap   total 604160K, used 248097K [0x0000000700000000, 0x0000000800000000)
  region size 2048K, 14 young (28672K), 2 survivors (4096K)
 Metaspace       used 89139K, committed 91392K, reserved 1179648K
  class space    used 8784K, committed 9728K, reserved 1048576K
}
Event: 4671.105 GC heap after
{Heap after GC invocations=158 (full 0):
 garbage-first heap   total 604160K, used 226984K [0x0000000700000000, 0x0000000800000000)
  region size 2048K, 2 young (4096K), 2 survivors (4096K)
 Metaspace       used 89139K, committed 91392K, reserved 1179648K
  class space    used 8784K, committed 9728K, reserved 1048576K
}
Event: 4672.356 GC heap before
{Heap before GC invocations=158 (full 0):
 garbage-first heap   total 604160K, used 249512K [0x0000000700000000, 0x0000000800000000)
  region size 2048K, 14 young (28672K), 2 survivors (4096K)
 Metaspace       used 89141K, committed 91392K, reserved 1179648K
  class space    used 8784K, committed 9728K, reserved 1048576K
}
Event: 4672.467 GC heap after
{Heap after GC invocations=159 (full 0):
 garbage-first heap   total 604160K, used 231010K [0x0000000700000000, 0x0000000800000000)
  region size 2048K, 2 young (4096K), 2 survivors (4096K)
 Metaspace       used 89141K, committed 91392K, reserved 1179648K
  class space    used 8784K, committed 9728K, reserved 1048576K
}
Event: 4673.671 GC heap before
{Heap before GC invocations=159 (full 0):
 garbage-first heap   total 604160K, used 253538K [0x0000000700000000, 0x0000000800000000)
  region size 2048K, 14 young (28672K), 2 survivors (4096K)
 Metaspace       used 89143K, committed 91392K, reserved 1179648K
  class space    used 8784K, committed 9728K, reserved 1048576K
}
Event: 4673.755 GC heap after
{Heap after GC invocations=160 (full 0):
 garbage-first heap   total 604160K, used 235520K [0x0000000700000000, 0x0000000800000000)
  region size 2048K, 2 young (4096K), 2 survivors (4096K)
 Metaspace       used 89143K, committed 91392K, reserved 1179648K
  class space    used 8784K, committed 9728K, reserved 1048576K
}
Event: 4675.650 GC heap before
{Heap before GC invocations=160 (full 0):
 garbage-first heap   total 604160K, used 260096K [0x0000000700000000, 0x0000000800000000)
  region size 2048K, 14 young (28672K), 2 survivors (4096K)
 Metaspace       used 89159K, committed 91392K, reserved 1179648K
  class space    used 8784K, committed 9728K, reserved 1048576K
}
Event: 4675.709 GC heap after
{Heap after GC invocations=161 (full 0):
 garbage-first heap   total 604160K, used 239571K [0x0000000700000000, 0x0000000800000000)
  region size 2048K, 2 young (4096K), 2 survivors (4096K)
 Metaspace       used 89159K, committed 91392K, reserved 1179648K
  class space    used 8784K, committed 9728K, reserved 1048576K
}
Event: 4678.780 GC heap before
{Heap before GC invocations=162 (full 0):
 garbage-first heap   total 604160K, used 262099K [0x0000000700000000, 0x0000000800000000)
  region size 2048K, 14 young (28672K), 2 survivors (4096K)
 Metaspace       used 89168K, committed 91392K, reserved 1179648K
  class space    used 8784K, committed 9728K, reserved 1048576K
}
Event: 4678.856 GC heap after
{Heap after GC invocations=163 (full 0):
 garbage-first heap   total 604160K, used 241961K [0x0000000700000000, 0x0000000800000000)
  region size 2048K, 1 young (2048K), 1 survivors (2048K)
 Metaspace       used 89168K, committed 91392K, reserved 1179648K
  class space    used 8784K, committed 9728K, reserved 1048576K
}
Event: 7171.018 GC heap before
{Heap before GC invocations=163 (full 0):
 garbage-first heap   total 604160K, used 323881K [0x0000000700000000, 0x0000000800000000)
  region size 2048K, 40 young (81920K), 1 survivors (2048K)
 Metaspace       used 89230K, committed 91392K, reserved 1179648K
  class space    used 8788K, committed 9728K, reserved 1048576K
}

