# JRE version: OpenJDK Runtime Environment Temurin-21.0.12.1+1 (21.0.12.1+1) (build 21.0.12.1+1-LTS)
# Java VM: OpenJDK 64-Bit Server VM Temurin-21.0.12.1+1 (21.0.12.1+1-LTS, mixed mode, sharing, tiered, compressed oops, compressed class ptrs, g1 gc, windows-amd64)
GC Precious Log:
 CardTable entry size: 512
 Card Set container configuration: InlinePtr #cards 4 size 8 Array Of Cards #cards 16 size 48 Howl #buckets 8 coarsen threshold 3686 Howl Bitmap #cards 512 size 80 coarsen threshold 460 Card regions per heap region 1 cards per card region 4096
 CPUs: 2 total, 2 available
 Memory: 3919M
 Large Page Support: Disabled
 NUMA Support: Disabled
 Compressed Oops: Enabled (Zero based)
 Heap Region Size: 2M
 Heap Min Capacity: 8M
 Heap Initial Capacity: 62M
 Heap Max Capacity: 4G
 Pre-touch: Disabled
 Parallel Workers: 2
 Concurrent Workers: 1
 Concurrent Refinement Workers: 2
 Periodic GC: Disabled
 String Deduplication is enabled
Heap:
 garbage-first heap   total 192512K, used 118191K [0x0000000700000000, 0x0000000800000000)
  region size 2048K, 0 young (0K), 0 survivors (0K)
 Metaspace       used 76908K, committed 78656K, reserved 1179648K
  class space    used 7714K, committed 8448K, reserved 1048576K
GC Heap History (20 events):
Event: 2210.937 GC heap before
{Heap before GC invocations=52 (full 0):
 garbage-first heap   total 149504K, used 132963K [0x0000000700000000, 0x0000000800000000)
  region size 2048K, 35 young (71680K), 1 survivors (2048K)
 Metaspace       used 70800K, committed 72256K, reserved 1114112K
  class space    used 7189K, committed 7808K, reserved 1048576K
}
Event: 2211.001 GC heap after
{Heap after GC invocations=53 (full 0):
 garbage-first heap   total 149504K, used 69919K [0x0000000700000000, 0x0000000800000000)
  region size 2048K, 4 young (8192K), 4 survivors (8192K)
 Metaspace       used 70800K, committed 72256K, reserved 1114112K
  class space    used 7189K, committed 7808K, reserved 1048576K
}
Event: 2242.732 GC heap before
{Heap before GC invocations=54 (full 0):
 garbage-first heap   total 149504K, used 139551K [0x0000000700000000, 0x0000000800000000)
  region size 2048K, 35 young (71680K), 4 survivors (8192K)
 Metaspace       used 71202K, committed 72768K, reserved 1114112K
  class space    used 7216K, committed 7872K, reserved 1048576K
}
Event: 2242.810 GC heap after
{Heap after GC invocations=55 (full 0):
 garbage-first heap   total 190464K, used 75323K [0x0000000700000000, 0x0000000800000000)
  region size 2048K, 4 young (8192K), 4 survivors (8192K)
 Metaspace       used 71202K, committed 72768K, reserved 1114112K
  class space    used 7216K, committed 7872K, reserved 1048576K
}
Event: 2364.927 GC heap before
{Heap before GC invocations=55 (full 0):
 garbage-first heap   total 190464K, used 169531K [0x0000000700000000, 0x0000000800000000)
  region size 2048K, 50 young (102400K), 4 survivors (8192K)
 Metaspace       used 73576K, committed 75200K, reserved 1179648K
  class space    used 7470K, committed 8192K, reserved 1048576K
}
Event: 2365.298 GC heap after
{Heap after GC invocations=56 (full 0):
 garbage-first heap   total 190464K, used 75643K [0x0000000700000000, 0x0000000800000000)
  region size 2048K, 5 young (10240K), 5 survivors (10240K)
 Metaspace       used 73576K, committed 75200K, reserved 1179648K
  class space    used 7470K, committed 8192K, reserved 1048576K
}
Event: 2378.498 GC heap before
{Heap before GC invocations=56 (full 0):
 garbage-first heap   total 190464K, used 165755K [0x0000000700000000, 0x0000000800000000)
  region size 2048K, 50 young (102400K), 5 survivors (10240K)
 Metaspace       used 74375K, committed 76032K, reserved 1179648K
  class space    used 7494K, committed 8256K, reserved 1048576K
}
Event: 2378.572 GC heap after
{Heap after GC invocations=57 (full 0):
 garbage-first heap   total 190464K, used 84147K [0x0000000700000000, 0x0000000800000000)
  region size 2048K, 7 young (14336K), 7 survivors (14336K)
 Metaspace       used 74375K, committed 76032K, reserved 1179648K
  class space    used 7494K, committed 8256K, reserved 1048576K
}
Event: 2399.629 GC heap before
{Heap before GC invocations=57 (full 0):
 garbage-first heap   total 190464K, used 166067K [0x0000000700000000, 0x0000000800000000)
  region size 2048K, 48 young (98304K), 7 survivors (14336K)
 Metaspace       used 74752K, committed 76416K, reserved 1179648K
  class space    used 7515K, committed 8256K, reserved 1048576K
}
Event: 2399.715 GC heap after
{Heap after GC invocations=58 (full 0):
 garbage-first heap   total 192512K, used 93508K [0x0000000700000000, 0x0000000800000000)
  region size 2048K, 5 young (10240K), 5 survivors (10240K)
 Metaspace       used 74752K, committed 76416K, reserved 1179648K
  class space    used 7515K, committed 8256K, reserved 1048576K
}
Event: 2425.758 GC heap before
{Heap before GC invocations=59 (full 0):
 garbage-first heap   total 192512K, used 169284K [0x0000000700000000, 0x0000000800000000)
  region size 2048K, 42 young (86016K), 5 survivors (10240K)
 Metaspace       used 76032K, committed 77696K, reserved 1179648K
  class space    used 7655K, committed 8384K, reserved 1048576K
}
Event: 2425.833 GC heap after
{Heap after GC invocations=60 (full 0):
 garbage-first heap   total 192512K, used 100284K [0x0000000700000000, 0x0000000800000000)
  region size 2048K, 4 young (8192K), 4 survivors (8192K)
 Metaspace       used 76032K, committed 77696K, reserved 1179648K
  class space    used 7655K, committed 8384K, reserved 1048576K
}
Event: 2454.729 GC heap before
{Heap before GC invocations=60 (full 0):
 garbage-first heap   total 192512K, used 153532K [0x0000000700000000, 0x0000000800000000)
  region size 2048K, 30 young (61440K), 4 survivors (8192K)
 Metaspace       used 76576K, committed 78272K, reserved 1179648K
  class space    used 7712K, committed 8448K, reserved 1048576K
}
Event: 2454.860 GC heap after
{Heap after GC invocations=61 (full 0):
 garbage-first heap   total 192512K, used 101385K [0x0000000700000000, 0x0000000800000000)
  region size 2048K, 2 young (4096K), 2 survivors (4096K)
 Metaspace       used 76576K, committed 78272K, reserved 1179648K
  class space    used 7712K, committed 8448K, reserved 1048576K
}
Event: 2479.060 GC heap before
{Heap before GC invocations=61 (full 0):
 garbage-first heap   total 192512K, used 168969K [0x0000000700000000, 0x0000000800000000)
  region size 2048K, 36 young (73728K), 2 survivors (4096K)
 Metaspace       used 76799K, committed 78528K, reserved 1179648K
  class space    used 7714K, committed 8448K, reserved 1048576K
}
Event: 2479.102 GC heap after
{Heap after GC invocations=62 (full 0):
 garbage-first heap   total 192512K, used 110368K [0x0000000700000000, 0x0000000800000000)
  region size 2048K, 5 young (10240K), 5 survivors (10240K)
 Metaspace       used 76799K, committed 78528K, reserved 1179648K
  class space    used 7714K, committed 8448K, reserved 1048576K
}
Event: 2497.503 GC heap before
{Heap before GC invocations=62 (full 0):
 garbage-first heap   total 192512K, used 147232K [0x0000000700000000, 0x0000000800000000)
  region size 2048K, 25 young (51200K), 5 survivors (10240K)
 Metaspace       used 76908K, committed 78656K, reserved 1179648K
  class space    used 7714K, committed 8448K, reserved 1048576K
}
Event: 2497.561 GC heap after
{Heap after GC invocations=63 (full 0):
 garbage-first heap   total 192512K, used 117599K [0x0000000700000000, 0x0000000800000000)
  region size 2048K, 3 young (6144K), 3 survivors (6144K)
 Metaspace       used 76908K, committed 78656K, reserved 1179648K
  class space    used 7714K, committed 8448K, reserved 1048576K
}
Event: 2497.634 GC heap before
{Heap before GC invocations=63 (full 0):
 garbage-first heap   total 192512K, used 117599K [0x0000000700000000, 0x0000000800000000)
  region size 2048K, 3 young (6144K), 3 survivors (6144K)
 Metaspace       used 76908K, committed 78656K, reserved 1179648K
  class space    used 7714K, committed 8448K, reserved 1048576K
}
Event: 2497.651 GC heap after
{Heap after GC invocations=64 (full 0):
 garbage-first heap   total 192512K, used 118191K [0x0000000700000000, 0x0000000800000000)
  region size 2048K, 0 young (0K), 0 survivors (0K)
 Metaspace       used 76908K, committed 78656K, reserved 1179648K
  class space    used 7714K, committed 8448K, reserved 1048576K
}

